2023-11-06 08:41:46 -  - exec CUpdateClientPartner::__CollectRequestData
2023-11-06 08:41:46 -  - exec CUpdateClientPartner::GetHTTPPage
2023-11-06 08:41:46 -  - exec CUpdateClientPartner::ParseServerData
2023-11-06 08:41:46 -  - exec CUpdateClientPartner::GetUpdatesList
2023-11-06 08:41:46 -  - exec CUpdateClientPartner::__CollectRequestData
2023-11-06 08:41:46 -  - utf=Y&lang=ru&stable=Y&CANGZIP=Y&SUPD_DBS=MYSQL&XE=N&CLIENT_SITE=e05idiip.beget.tech&LICENSE_KEY=X&SUPD_STS=1&SUPD_URS=1&TYPENC=D&CLIENT_PHPVER=8.1.22&NGINX=Y&dbv=5.7.21&instm=main%2C23.300.100%2CY%3Bb24connector%2C22.0.0%2CN%3Bbitrix.siteinfoportal%2C15.5.0%2CN%3Bforum%2C23.0.0%2CN%3Bbitrixcloud%2C22.100.0%2CN%3Bform%2C22.0.0%2CN%3Bbitrix.sitecorporate%2C15.5.0%2CN%3Bsocialservices%2C22.200.400%2CN%3Brest%2C23.100.0%2CN%3Bseo%2C23.200.0%2CN%3Blocation%2C23.0.0%2CN%3Bsecurity%2C21.300.0%2CN%3Bmessageservice%2C23.0.0%2CN%3Bvote%2C23.0.0%2CN%3Bphotogallery%2C22.0.200%2CN%3Bscale%2C21.0.0%2CN%3Bmobileapp%2C23.0.0%2CN%3Blanding%2C23.600.150%2CN%3Bsearch%2C22.100.0%2CN%3Bbitrix.sitepersonal%2C15.5.0%2CN%3Biblock%2C23.100.0%2CN%3Bclouds%2C23.0.0%2CN%3Bfileman%2C22.300.0%2CN%3Btranslate%2C23.200.0%2CN%3Bhighloadblock%2C22.200.0%2CN%3Bblog%2C22.0.0%2CN%3Bsubscribe%2C21.0.0%2CN%3Bui%2C22.1600.0%2CN%3Bperfmon%2C21.0.0%2CN&reqm=bitrix.siteinfoportal%2Cbitrix.sitecorporate%2Cbitrix.sitepersonal&fullmoduleinfo=Y&SUPD_SRS=RU&SUPD_CMP=N
2023-11-06 08:41:46 -  - exec CUpdateClientPartner::GetHTTPPage
2023-11-06 08:41:46 -  - TIME GetUpdatesList(request) 0.166 sec
2023-11-06 08:41:46 -  - exec CUpdateClientPartner::ParseServerData
2023-11-06 08:41:46 -  - exec CUpdateClientPartner::__CollectRequestData
2023-11-06 08:41:46 -  - exec CUpdateClientPartner::GetHTTPPage
2023-11-06 08:41:46 -  - exec CUpdateClientPartner::ParseServerData
2023-11-07 08:57:34 -  - exec CUpdateClientPartner::__CollectRequestData
2023-11-07 08:57:34 -  - exec CUpdateClientPartner::GetHTTPPage
2023-11-07 08:57:35 -  - exec CUpdateClientPartner::ParseServerData
2023-11-07 08:57:35 -  - exec CUpdateClientPartner::GetUpdatesList
2023-11-07 08:57:35 -  - exec CUpdateClientPartner::__CollectRequestData
2023-11-07 08:57:35 -  - utf=Y&lang=ru&stable=Y&CANGZIP=Y&SUPD_DBS=MYSQL&XE=N&CLIENT_SITE=e05idiip.beget.tech&LICENSE_KEY=X&SUPD_STS=1&SUPD_URS=1&TYPENC=D&CLIENT_PHPVER=8.1.22&NGINX=Y&dbv=5.7.21&instm=main%2C23.300.100%2CY%3Bb24connector%2C22.0.0%2CN%3Bbitrix.siteinfoportal%2C15.5.0%2CN%3Bforum%2C23.0.0%2CN%3Bbitrixcloud%2C22.100.0%2CN%3Bform%2C22.0.0%2CN%3Bbitrix.sitecorporate%2C15.5.0%2CN%3Bsocialservices%2C22.200.400%2CN%3Brest%2C23.100.0%2CN%3Bseo%2C23.200.0%2CN%3Blocation%2C23.0.0%2CN%3Bsecurity%2C21.300.0%2CN%3Bmessageservice%2C23.0.0%2CN%3Bvote%2C23.0.0%2CN%3Bphotogallery%2C22.0.200%2CN%3Bscale%2C21.0.0%2CN%3Bmobileapp%2C23.0.0%2CN%3Blanding%2C23.600.150%2CN%3Bsearch%2C22.100.0%2CN%3Bbitrix.sitepersonal%2C15.5.0%2CN%3Biblock%2C23.100.0%2CN%3Bclouds%2C23.0.0%2CN%3Bfileman%2C22.300.0%2CN%3Btranslate%2C23.200.0%2CN%3Bhighloadblock%2C22.200.0%2CN%3Bblog%2C22.0.0%2CN%3Bsubscribe%2C21.0.0%2CN%3Bui%2C22.1600.0%2CN%3Bperfmon%2C21.0.0%2CN&reqm=bitrix.siteinfoportal%2Cbitrix.sitecorporate%2Cbitrix.sitepersonal&fullmoduleinfo=Y&SUPD_SRS=RU&SUPD_CMP=N
2023-11-07 08:57:35 -  - exec CUpdateClientPartner::GetHTTPPage
2023-11-07 08:57:36 -  - TIME GetUpdatesList(request) 1.045 sec
2023-11-07 08:57:36 -  - exec CUpdateClientPartner::ParseServerData
2023-11-07 08:57:36 -  - exec CUpdateClientPartner::__CollectRequestData
2023-11-07 08:57:36 -  - exec CUpdateClientPartner::GetHTTPPage
2023-11-07 08:57:37 -  - exec CUpdateClientPartner::ParseServerData
2023-11-08 08:57:47 -  - exec CUpdateClientPartner::__CollectRequestData
2023-11-08 08:57:47 -  - exec CUpdateClientPartner::GetHTTPPage
2023-11-08 08:57:49 -  - exec CUpdateClientPartner::ParseServerData
2023-11-08 08:57:49 -  - exec CUpdateClientPartner::GetUpdatesList
2023-11-08 08:57:49 -  - exec CUpdateClientPartner::__CollectRequestData
2023-11-08 08:57:49 -  - utf=Y&lang=ru&stable=Y&CANGZIP=Y&SUPD_DBS=MYSQL&XE=N&CLIENT_SITE=e05idiip.beget.tech&LICENSE_KEY=X&SUPD_STS=1&SUPD_URS=1&TYPENC=D&CLIENT_PHPVER=8.1.22&NGINX=Y&dbv=5.7.21&instm=main%2C23.300.100%2CY%3Bb24connector%2C22.0.0%2CN%3Bbitrix.siteinfoportal%2C15.5.0%2CN%3Bforum%2C23.0.0%2CN%3Bbitrixcloud%2C22.100.0%2CN%3Bform%2C22.0.0%2CN%3Bbitrix.sitecorporate%2C15.5.0%2CN%3Bsocialservices%2C22.200.400%2CN%3Brest%2C23.100.0%2CN%3Bseo%2C23.200.0%2CN%3Blocation%2C23.0.0%2CN%3Bsecurity%2C21.300.0%2CN%3Bmessageservice%2C23.0.0%2CN%3Bvote%2C23.0.0%2CN%3Bphotogallery%2C22.0.200%2CN%3Bscale%2C21.0.0%2CN%3Bmobileapp%2C23.0.0%2CN%3Blanding%2C23.600.150%2CN%3Bsearch%2C22.100.0%2CN%3Bbitrix.sitepersonal%2C15.5.0%2CN%3Biblock%2C23.100.0%2CN%3Bclouds%2C23.0.0%2CN%3Bfileman%2C22.300.0%2CN%3Btranslate%2C23.200.0%2CN%3Bhighloadblock%2C22.200.0%2CN%3Bblog%2C22.0.0%2CN%3Bsubscribe%2C21.0.0%2CN%3Bui%2C22.1600.0%2CN%3Bperfmon%2C21.0.0%2CN&reqm=bitrix.siteinfoportal%2Cbitrix.sitecorporate%2Cbitrix.sitepersonal&fullmoduleinfo=Y&SUPD_SRS=RU&SUPD_CMP=N
2023-11-08 08:57:49 -  - exec CUpdateClientPartner::GetHTTPPage
2023-11-08 08:57:51 -  - TIME GetUpdatesList(request) 2.228 sec
2023-11-08 08:57:51 -  - exec CUpdateClientPartner::ParseServerData
2023-11-08 08:57:51 -  - exec CUpdateClientPartner::__CollectRequestData
2023-11-08 08:57:51 -  - exec CUpdateClientPartner::GetHTTPPage
2023-11-08 08:57:52 -  - exec CUpdateClientPartner::ParseServerData
